<?xml version="1.0" encoding="UTF-8"?>
<!-- Generated by org.testng.reporters.JUnitReportReporter -->
<testsuite hostname="DESKTOP-UK5D04V" failures="0" tests="1" name="testScripts.validateErrorMess" time="13.974" errors="0" timestamp="2024-03-20T17:48:22 IST" skipped="0">
  <testcase classname="testScripts.validateErrorMess" name="addToCart" time="13.974"/>
</testsuite> <!-- testScripts.validateErrorMess -->
